0 info it worked if it ends with ok
1 verbose cli [ '/usr/bin/node', '/usr/bin/npm', 'start' ]
2 info using npm@3.5.2
3 info using node@v8.10.0
4 verbose run-script [ 'prestart', 'start', 'poststart' ]
5 info lifecycle portfolio@1.0.0~prestart: portfolio@1.0.0
6 silly lifecycle portfolio@1.0.0~prestart: no script for prestart, continuing
7 info lifecycle portfolio@1.0.0~start: portfolio@1.0.0
8 verbose lifecycle portfolio@1.0.0~start: unsafe-perm in lifecycle true
9 verbose lifecycle portfolio@1.0.0~start: PATH: /usr/share/npm/bin/node-gyp-bin:/home/seven/Documents/Projects/portfolio/node_modules/.bin:/home/seven/.vscode-server/bin/cd9ea6488829f560dc949a8b2fb789f3cdc05f5d/bin:/home/seven/.rvm/gems/ruby-2.7.0/bin:/home/seven/.rvm/gems/ruby-2.7.0@global/bin:/usr/share/rvm/rubies/ruby-2.7.0/bin:/usr/local/sbin:/usr/local/bin:/usr/sbin:/usr/bin:/sbin:/bin:/usr/games:/usr/local/games:/mnt/c/Program Files/WindowsApps/CanonicalGroupLimited.Ubuntu18.04onWindows_1804.2020.423.0_x64__79rhkp1fndgsc:/mnt/c/Python27/:/mnt/c/Python27/Scripts:/mnt/c/Program Files (x86)/Common Files/Oracle/Java/javapath:/mnt/c/ProgramData/Oracle/Java/javapath:/mnt/c/Program Files/Common Files/Microsoft Shared/Windows Live:/mnt/c/Program Files (x86)/Common Files/Microsoft Shared/Windows Live:/mnt/c/Program Files (x86)/Intel/iCLS Client/:/mnt/c/Program Files/Intel/iCLS Client/:/mnt/c/Windows/system32:/mnt/c/Windows:/mnt/c/Windows/System32/Wbem:/mnt/c/Windows/System32/WindowsPowerShell/v1.0/:/mnt/c/Program Files/Intel/Intel(R) Management Engine Components/DAL:/mnt/c/Program Files (x86)/Intel/Intel(R) Management Engine Components/DAL:/mnt/c/Program Files/Intel/Intel(R) Management Engine Components/IPT:/mnt/c/Program Files (x86)/Intel/Intel(R) Management Engine Components/IPT:/mnt/c/Program Files (x86)/NVIDIA Corporation/PhysX/Common:/mnt/c/Program Files (x86)/Windows Live/Shared:/mnt/c/Program Files (x86)/Common Files/Adobe/AGL:/mnt/c/WINDOWS/system32:/mnt/c/WINDOWS:/mnt/c/WINDOWS/System32/Wbem:/mnt/c/WINDOWS/System32/WindowsPowerShell/v1.0/:/mnt/c/Program Files (x86)/PuTTY/:/mnt/c/WINDOWS/System32/OpenSSH/:/mnt/c/Program Files/Intel/WiFi/bin/:/mnt/c/Program Files/Common Files/Intel/WirelessCommon/:/mnt/c/Program Files/NVIDIA Corporation/NVIDIA NvDLISR:/mnt/c/Android:/mnt/c/WINDOWS/system32:/mnt/c/WINDOWS:/mnt/c/WINDOWS/System32/Wbem:/mnt/c/WINDOWS/System32/WindowsPowerShell/v1.0/:/mnt/c/WINDOWS/System32/OpenSSH/:/mnt/c/ProgramData/chocolatey/bin:/mnt/c/Program Files/nodejs/:/mnt/c/Program Files/Git/cmd:/mnt/c/Program Files (x86)/Microsoft VS Code/bin:/mnt/c/Program Files/dotnet/:/mnt/c/Program Files/Microsoft SQL Server/130/Tools/Binn/:/mnt/c/Program Files/Microsoft SQL Server/Client SDK/ODBC/170/Tools/Binn/:/mnt/c/RailsInstaller/Git/cmd:/mnt/c/RailsInstaller/Ruby2.3.3/bin:/mnt/c/Users/Freddie/AppData/Local/Microsoft/WindowsApps:/mnt/c/Users/Freddie/AppData/Local/atom/bin:/mnt/c/Program Files/heroku/bin:/mnt/c/Users/Freddie/AppData/Roaming/npm:/mnt/c/Users/Freddie/AppData/Local/GitHubDesktop/bin:/mnt/c/Users/Freddie/.dotnet/tools:/snap/bin:/usr/share/rvm/bin
10 verbose lifecycle portfolio@1.0.0~start: CWD: /home/seven/Documents/Projects/portfolio
11 silly lifecycle portfolio@1.0.0~start: Args: [ '-c', 'node app.js' ]
12 silly lifecycle portfolio@1.0.0~start: Returned: code: 1  signal: null
13 info lifecycle portfolio@1.0.0~start: Failed to exec start script
14 verbose stack Error: portfolio@1.0.0 start: `node app.js`
14 verbose stack Exit status 1
14 verbose stack     at EventEmitter.<anonymous> (/usr/share/npm/lib/utils/lifecycle.js:232:16)
14 verbose stack     at emitTwo (events.js:126:13)
14 verbose stack     at EventEmitter.emit (events.js:214:7)
14 verbose stack     at ChildProcess.<anonymous> (/usr/share/npm/lib/utils/spawn.js:24:14)
14 verbose stack     at emitTwo (events.js:126:13)
14 verbose stack     at ChildProcess.emit (events.js:214:7)
14 verbose stack     at maybeClose (internal/child_process.js:925:16)
14 verbose stack     at Process.ChildProcess._handle.onexit (internal/child_process.js:209:5)
15 verbose pkgid portfolio@1.0.0
16 verbose cwd /home/seven/Documents/Projects/portfolio
17 error Linux 4.4.0-18362-Microsoft
18 error argv "/usr/bin/node" "/usr/bin/npm" "start"
19 error node v8.10.0
20 error npm  v3.5.2
21 error code ELIFECYCLE
22 error portfolio@1.0.0 start: `node app.js`
22 error Exit status 1
23 error Failed at the portfolio@1.0.0 start script 'node app.js'.
23 error Make sure you have the latest version of node.js and npm installed.
23 error If you do, this is most likely a problem with the portfolio package,
23 error not with npm itself.
23 error Tell the author that this fails on your system:
23 error     node app.js
23 error You can get information on how to open an issue for this project with:
23 error     npm bugs portfolio
23 error Or if that isn't available, you can get their info via:
23 error     npm owner ls portfolio
23 error There is likely additional logging output above.
24 verbose exit [ 1, true ]
